{"/home/richard/projects/DEVTakehome/src/app.js": {"path":"/home/richard/projects/DEVTakehome/src/app.js","statementMap":{"0":{"start":{"line":1,"column":16},"end":{"line":1,"column":34}},"1":{"start":{"line":2,"column":16},"end":{"line":2,"column":34}},"2":{"start":{"line":3,"column":30},"end":{"line":3,"column":50}},"3":{"start":{"line":5,"column":12},"end":{"line":5,"column":21}},"4":{"start":{"line":8,"column":15},"end":{"line":17,"column":2}},"5":{"start":{"line":20,"column":0},"end":{"line":45,"column":3}},"6":{"start":{"line":21,"column":18},"end":{"line":21,"column":28}},"7":{"start":{"line":22,"column":16},"end":{"line":22,"column":56}},"8":{"start":{"line":24,"column":4},"end":{"line":42,"column":7}},"9":{"start":{"line":25,"column":25},"end":{"line":25,"column":43}},"10":{"start":{"line":26,"column":23},"end":{"line":30,"column":9}},"11":{"start":{"line":33,"column":8},"end":{"line":33,"column":20}},"12":{"start":{"line":34,"column":8},"end":{"line":34,"column":45}},"13":{"start":{"line":37,"column":8},"end":{"line":41,"column":11}},"14":{"start":{"line":44,"column":4},"end":{"line":44,"column":11}},"15":{"start":{"line":48,"column":0},"end":{"line":68,"column":3}},"16":{"start":{"line":49,"column":19},"end":{"line":53,"column":5}},"17":{"start":{"line":55,"column":4},"end":{"line":55,"column":42}},"18":{"start":{"line":57,"column":4},"end":{"line":62,"column":7}},"19":{"start":{"line":64,"column":4},"end":{"line":67,"column":7}},"20":{"start":{"line":71,"column":0},"end":{"line":73,"column":3}},"21":{"start":{"line":72,"column":4},"end":{"line":72,"column":43}},"22":{"start":{"line":76,"column":0},"end":{"line":84,"column":3}},"23":{"start":{"line":77,"column":4},"end":{"line":83,"column":5}},"24":{"start":{"line":78,"column":8},"end":{"line":78,"column":54}},"25":{"start":{"line":79,"column":8},"end":{"line":79,"column":42}},"26":{"start":{"line":81,"column":8},"end":{"line":81,"column":65}},"27":{"start":{"line":82,"column":8},"end":{"line":82,"column":33}},"28":{"start":{"line":87,"column":0},"end":{"line":89,"column":3}},"29":{"start":{"line":88,"column":4},"end":{"line":88,"column":68}},"30":{"start":{"line":92,"column":0},"end":{"line":96,"column":3}},"31":{"start":{"line":93,"column":4},"end":{"line":95,"column":29}},"32":{"start":{"line":94,"column":8},"end":{"line":94,"column":51}},"33":{"start":{"line":99,"column":0},"end":{"line":101,"column":3}},"34":{"start":{"line":100,"column":4},"end":{"line":100,"column":43}},"35":{"start":{"line":103,"column":0},"end":{"line":103,"column":21}}},"fnMap":{"0":{"name":"(anonymous_0)","decl":{"start":{"line":20,"column":8},"end":{"line":20,"column":9}},"loc":{"start":{"line":20,"column":28},"end":{"line":45,"column":1}},"line":20},"1":{"name":"(anonymous_1)","decl":{"start":{"line":24,"column":21},"end":{"line":24,"column":22}},"loc":{"start":{"line":24,"column":27},"end":{"line":42,"column":5}},"line":24},"2":{"name":"(anonymous_2)","decl":{"start":{"line":48,"column":8},"end":{"line":48,"column":9}},"loc":{"start":{"line":48,"column":33},"end":{"line":68,"column":1}},"line":48},"3":{"name":"(anonymous_3)","decl":{"start":{"line":71,"column":19},"end":{"line":71,"column":20}},"loc":{"start":{"line":71,"column":33},"end":{"line":73,"column":1}},"line":71},"4":{"name":"(anonymous_4)","decl":{"start":{"line":76,"column":20},"end":{"line":76,"column":21}},"loc":{"start":{"line":76,"column":40},"end":{"line":84,"column":1}},"line":76},"5":{"name":"(anonymous_5)","decl":{"start":{"line":87,"column":13},"end":{"line":87,"column":14}},"loc":{"start":{"line":87,"column":27},"end":{"line":89,"column":1}},"line":87},"6":{"name":"(anonymous_6)","decl":{"start":{"line":92,"column":21},"end":{"line":92,"column":22}},"loc":{"start":{"line":92,"column":35},"end":{"line":96,"column":1}},"line":92},"7":{"name":"(anonymous_7)","decl":{"start":{"line":93,"column":15},"end":{"line":93,"column":16}},"loc":{"start":{"line":93,"column":21},"end":{"line":95,"column":5}},"line":93},"8":{"name":"(anonymous_8)","decl":{"start":{"line":99,"column":22},"end":{"line":99,"column":23}},"loc":{"start":{"line":99,"column":42},"end":{"line":101,"column":1}},"line":99}},"branchMap":{"0":{"loc":{"start":{"line":28,"column":19},"end":{"line":28,"column":46}},"type":"binary-expr","locations":[{"start":{"line":28,"column":19},"end":{"line":28,"column":34}},{"start":{"line":28,"column":38},"end":{"line":28,"column":46}}],"line":28},"1":{"loc":{"start":{"line":51,"column":15},"end":{"line":51,"column":42}},"type":"binary-expr","locations":[{"start":{"line":51,"column":15},"end":{"line":51,"column":30}},{"start":{"line":51,"column":34},"end":{"line":51,"column":42}}],"line":51},"2":{"loc":{"start":{"line":52,"column":20},"end":{"line":52,"column":46}},"type":"binary-expr","locations":[{"start":{"line":52,"column":20},"end":{"line":52,"column":28}},{"start":{"line":52,"column":32},"end":{"line":52,"column":46}}],"line":52}},"s":{"0":1,"1":1,"2":1,"3":1,"4":1,"5":1,"6":5,"7":5,"8":5,"9":5,"10":5,"11":5,"12":5,"13":5,"14":5,"15":1,"16":0,"17":0,"18":0,"19":0,"20":1,"21":1,"22":1,"23":1,"24":1,"25":1,"26":0,"27":0,"28":1,"29":1,"30":1,"31":1,"32":1,"33":1,"34":1,"35":1},"f":{"0":5,"1":5,"2":0,"3":1,"4":1,"5":1,"6":1,"7":1,"8":1},"b":{"0":[5,0],"1":[0,0],"2":[0,0]},"_coverageSchema":"1a1c01bbd47fc00a2c39e90264f33305004495a9","hash":"2bac723bd48fdff41b9ac63d9744849f3c7b60d3"}
,"/home/richard/projects/DEVTakehome/src/metrics.js": {"path":"/home/richard/projects/DEVTakehome/src/metrics.js","statementMap":{"0":{"start":{"line":1,"column":19},"end":{"line":1,"column":41}},"1":{"start":{"line":4,"column":17},"end":{"line":4,"column":42}},"2":{"start":{"line":7,"column":0},"end":{"line":11,"column":3}},"3":{"start":{"line":14,"column":28},"end":{"line":19,"column":2}},"4":{"start":{"line":21,"column":25},"end":{"line":25,"column":2}},"5":{"start":{"line":27,"column":26},"end":{"line":31,"column":2}},"6":{"start":{"line":33,"column":20},"end":{"line":40,"column":2}},"7":{"start":{"line":37,"column":22},"end":{"line":37,"column":43}},"8":{"start":{"line":38,"column":8},"end":{"line":38,"column":33}},"9":{"start":{"line":43,"column":0},"end":{"line":43,"column":45}},"10":{"start":{"line":44,"column":0},"end":{"line":44,"column":42}},"11":{"start":{"line":45,"column":0},"end":{"line":45,"column":43}},"12":{"start":{"line":46,"column":0},"end":{"line":46,"column":37}},"13":{"start":{"line":48,"column":0},"end":{"line":56,"column":2}}},"fnMap":{"0":{"name":"(anonymous_0)","decl":{"start":{"line":36,"column":4},"end":{"line":36,"column":5}},"loc":{"start":{"line":36,"column":14},"end":{"line":39,"column":5}},"line":36}},"branchMap":{},"s":{"0":1,"1":1,"2":1,"3":1,"4":1,"5":1,"6":1,"7":1,"8":1,"9":1,"10":1,"11":1,"12":1,"13":1},"f":{"0":1},"b":{},"_coverageSchema":"1a1c01bbd47fc00a2c39e90264f33305004495a9","hash":"c355b55c091a8d632c93991181da154220ef2d6b"}
}
