{"/home/richard/projects/DEVTakehome/src/app.js": {"path":"/home/richard/projects/DEVTakehome/src/app.js","statementMap":{"0":{"start":{"line":1,"column":16},"end":{"line":1,"column":34}},"1":{"start":{"line":2,"column":19},"end":{"line":2,"column":41}},"2":{"start":{"line":3,"column":16},"end":{"line":3,"column":34}},"3":{"start":{"line":6,"column":12},"end":{"line":6,"column":21}},"4":{"start":{"line":9,"column":15},"end":{"line":18,"column":2}},"5":{"start":{"line":21,"column":17},"end":{"line":21,"column":42}},"6":{"start":{"line":22,"column":0},"end":{"line":22,"column":47}},"7":{"start":{"line":25,"column":28},"end":{"line":30,"column":2}},"8":{"start":{"line":32,"column":25},"end":{"line":36,"column":2}},"9":{"start":{"line":38,"column":0},"end":{"line":38,"column":45}},"10":{"start":{"line":39,"column":0},"end":{"line":39,"column":42}},"11":{"start":{"line":42,"column":0},"end":{"line":67,"column":3}},"12":{"start":{"line":43,"column":18},"end":{"line":43,"column":28}},"13":{"start":{"line":44,"column":16},"end":{"line":44,"column":48}},"14":{"start":{"line":46,"column":4},"end":{"line":64,"column":7}},"15":{"start":{"line":47,"column":25},"end":{"line":47,"column":43}},"16":{"start":{"line":48,"column":23},"end":{"line":52,"column":9}},"17":{"start":{"line":55,"column":8},"end":{"line":55,"column":20}},"18":{"start":{"line":56,"column":8},"end":{"line":56,"column":37}},"19":{"start":{"line":59,"column":8},"end":{"line":63,"column":11}},"20":{"start":{"line":66,"column":4},"end":{"line":66,"column":11}},"21":{"start":{"line":70,"column":0},"end":{"line":82,"column":3}},"22":{"start":{"line":71,"column":4},"end":{"line":76,"column":7}},"23":{"start":{"line":78,"column":4},"end":{"line":81,"column":7}},"24":{"start":{"line":85,"column":0},"end":{"line":87,"column":3}},"25":{"start":{"line":86,"column":4},"end":{"line":86,"column":43}},"26":{"start":{"line":90,"column":0},"end":{"line":98,"column":3}},"27":{"start":{"line":91,"column":4},"end":{"line":97,"column":5}},"28":{"start":{"line":92,"column":8},"end":{"line":92,"column":54}},"29":{"start":{"line":93,"column":8},"end":{"line":93,"column":42}},"30":{"start":{"line":95,"column":8},"end":{"line":95,"column":65}},"31":{"start":{"line":96,"column":8},"end":{"line":96,"column":33}},"32":{"start":{"line":101,"column":0},"end":{"line":103,"column":3}},"33":{"start":{"line":102,"column":4},"end":{"line":102,"column":68}},"34":{"start":{"line":106,"column":0},"end":{"line":110,"column":3}},"35":{"start":{"line":107,"column":4},"end":{"line":109,"column":29}},"36":{"start":{"line":108,"column":8},"end":{"line":108,"column":51}},"37":{"start":{"line":113,"column":0},"end":{"line":115,"column":3}},"38":{"start":{"line":114,"column":4},"end":{"line":114,"column":43}},"39":{"start":{"line":117,"column":0},"end":{"line":117,"column":21}}},"fnMap":{"0":{"name":"(anonymous_0)","decl":{"start":{"line":42,"column":8},"end":{"line":42,"column":9}},"loc":{"start":{"line":42,"column":28},"end":{"line":67,"column":1}},"line":42},"1":{"name":"(anonymous_1)","decl":{"start":{"line":46,"column":21},"end":{"line":46,"column":22}},"loc":{"start":{"line":46,"column":27},"end":{"line":64,"column":5}},"line":46},"2":{"name":"(anonymous_2)","decl":{"start":{"line":70,"column":8},"end":{"line":70,"column":9}},"loc":{"start":{"line":70,"column":33},"end":{"line":82,"column":1}},"line":70},"3":{"name":"(anonymous_3)","decl":{"start":{"line":85,"column":19},"end":{"line":85,"column":20}},"loc":{"start":{"line":85,"column":33},"end":{"line":87,"column":1}},"line":85},"4":{"name":"(anonymous_4)","decl":{"start":{"line":90,"column":20},"end":{"line":90,"column":21}},"loc":{"start":{"line":90,"column":40},"end":{"line":98,"column":1}},"line":90},"5":{"name":"(anonymous_5)","decl":{"start":{"line":101,"column":13},"end":{"line":101,"column":14}},"loc":{"start":{"line":101,"column":27},"end":{"line":103,"column":1}},"line":101},"6":{"name":"(anonymous_6)","decl":{"start":{"line":106,"column":21},"end":{"line":106,"column":22}},"loc":{"start":{"line":106,"column":35},"end":{"line":110,"column":1}},"line":106},"7":{"name":"(anonymous_7)","decl":{"start":{"line":107,"column":15},"end":{"line":107,"column":16}},"loc":{"start":{"line":107,"column":21},"end":{"line":109,"column":5}},"line":107},"8":{"name":"(anonymous_8)","decl":{"start":{"line":113,"column":22},"end":{"line":113,"column":23}},"loc":{"start":{"line":113,"column":42},"end":{"line":115,"column":1}},"line":113}},"branchMap":{"0":{"loc":{"start":{"line":50,"column":19},"end":{"line":50,"column":46}},"type":"binary-expr","locations":[{"start":{"line":50,"column":19},"end":{"line":50,"column":34}},{"start":{"line":50,"column":38},"end":{"line":50,"column":46}}],"line":50}},"s":{"0":1,"1":1,"2":1,"3":1,"4":1,"5":1,"6":1,"7":1,"8":1,"9":1,"10":1,"11":1,"12":5,"13":5,"14":5,"15":5,"16":5,"17":5,"18":5,"19":5,"20":5,"21":1,"22":0,"23":0,"24":1,"25":1,"26":1,"27":1,"28":1,"29":1,"30":0,"31":0,"32":1,"33":1,"34":1,"35":1,"36":1,"37":1,"38":1,"39":1},"f":{"0":5,"1":5,"2":0,"3":1,"4":1,"5":1,"6":1,"7":1,"8":1},"b":{"0":[5,0]},"_coverageSchema":"1a1c01bbd47fc00a2c39e90264f33305004495a9","hash":"ed73a3548a806624429233f8b73e6a1ac73d6359"}
}
