TN:
SF:src/app.js
FN:20,(anonymous_0)
FN:24,(anonymous_1)
FN:48,(anonymous_2)
FN:71,(anonymous_3)
FN:76,(anonymous_4)
FN:87,(anonymous_5)
FN:92,(anonymous_6)
FN:93,(anonymous_7)
FN:99,(anonymous_8)
FNF:9
FNH:8
FNDA:5,(anonymous_0)
FNDA:5,(anonymous_1)
FNDA:0,(anonymous_2)
FNDA:1,(anonymous_3)
FNDA:1,(anonymous_4)
FNDA:1,(anonymous_5)
FNDA:1,(anonymous_6)
FNDA:1,(anonymous_7)
FNDA:1,(anonymous_8)
DA:1,1
DA:2,1
DA:3,1
DA:5,1
DA:8,1
DA:20,1
DA:21,5
DA:22,5
DA:24,5
DA:25,5
DA:26,5
DA:33,5
DA:34,5
DA:37,5
DA:44,5
DA:48,1
DA:49,0
DA:55,0
DA:57,0
DA:64,0
DA:71,1
DA:72,1
DA:76,1
DA:77,1
DA:78,1
DA:79,1
DA:81,0
DA:82,0
DA:87,1
DA:88,1
DA:92,1
DA:93,1
DA:94,1
DA:99,1
DA:100,1
DA:103,1
LF:36
LH:30
BRDA:28,0,0,5
BRDA:28,0,1,0
BRDA:51,1,0,0
BRDA:51,1,1,0
BRDA:52,2,0,0
BRDA:52,2,1,0
BRF:6
BRH:1
end_of_record
TN:
SF:src/metrics.js
FN:36,(anonymous_0)
FNF:1
FNH:1
FNDA:1,(anonymous_0)
DA:1,1
DA:4,1
DA:7,1
DA:14,1
DA:21,1
DA:27,1
DA:33,1
DA:37,1
DA:38,1
DA:43,1
DA:44,1
DA:45,1
DA:46,1
DA:48,1
LF:14
LH:14
BRF:0
BRH:0
end_of_record
