TN:
SF:src/app.js
FN:42,(anonymous_0)
FN:46,(anonymous_1)
FN:70,(anonymous_2)
FN:85,(anonymous_3)
FN:90,(anonymous_4)
FN:101,(anonymous_5)
FN:106,(anonymous_6)
FN:107,(anonymous_7)
FN:113,(anonymous_8)
FNF:9
FNH:8
FNDA:5,(anonymous_0)
FNDA:5,(anonymous_1)
FNDA:0,(anonymous_2)
FNDA:1,(anonymous_3)
FNDA:1,(anonymous_4)
FNDA:1,(anonymous_5)
FNDA:1,(anonymous_6)
FNDA:1,(anonymous_7)
FNDA:1,(anonymous_8)
DA:1,1
DA:2,1
DA:3,1
DA:6,1
DA:9,1
DA:21,1
DA:22,1
DA:25,1
DA:32,1
DA:38,1
DA:39,1
DA:42,1
DA:43,5
DA:44,5
DA:46,5
DA:47,5
DA:48,5
DA:55,5
DA:56,5
DA:59,5
DA:66,5
DA:70,1
DA:71,0
DA:78,0
DA:85,1
DA:86,1
DA:90,1
DA:91,1
DA:92,1
DA:93,1
DA:95,0
DA:96,0
DA:101,1
DA:102,1
DA:106,1
DA:107,1
DA:108,1
DA:113,1
DA:114,1
DA:117,1
LF:40
LH:36
BRDA:50,0,0,5
BRDA:50,0,1,0
BRF:2
BRH:1
end_of_record
